<?xml version="1.0" encoding="utf-8"?><testsuites><testsuite name="pytest" errors="0" failures="1" skipped="0" tests="2" time="38.076" timestamp="2022-01-18T16:50:59.229192" hostname="CPX-C0SWMP6MXP5"><testcase classname="scr.tests.test_example.TestExample" name="test_example" time="14.360" /><testcase classname="scr.tests.test_example.TestExample" name="test_fail_example" time="23.303"><failure message="AssertionError: assert False is True&#10; +  where False = &lt;bound method WebResults.is_expected_result_url_listed of &lt;scr.page_objects.example_web_result_page.WebResults object at 0x00000250D53E4070&gt;&gt;(search_result='https://docs.pytest.org/')&#10; +    where &lt;bound method WebResults.is_expected_result_url_listed of &lt;scr.page_objects.example_web_result_page.WebResults object at 0x00000250D53E4070&gt;&gt; = &lt;scr.page_objects.example_web_result_page.WebResults object at 0x00000250D53E4070&gt;.is_expected_result_url_listed&#10; +      where &lt;scr.page_objects.example_web_result_page.WebResults object at 0x00000250D53E4070&gt; = &lt;scr.tests.test_example.TestExample object at 0x00000250D5407EE0&gt;.results_page">self = &lt;scr.tests.test_example.TestExample object at 0x00000250D5407EE0&gt;

    def test_fail_example(self):
        # Perform Web Search
        self.home_page.web_search(search_query='cookies')
    
        # Verify expected result is listed
&gt;       assert self.results_page.is_expected_result_url_listed(search_result='https://docs.pytest.org/') is True
E       AssertionError: assert False is True
E        +  where False = &lt;bound method WebResults.is_expected_result_url_listed of &lt;scr.page_objects.example_web_result_page.WebResults object at 0x00000250D53E4070&gt;&gt;(search_result='https://docs.pytest.org/')
E        +    where &lt;bound method WebResults.is_expected_result_url_listed of &lt;scr.page_objects.example_web_result_page.WebResults object at 0x00000250D53E4070&gt;&gt; = &lt;scr.page_objects.example_web_result_page.WebResults object at 0x00000250D53E4070&gt;.is_expected_result_url_listed
E        +      where &lt;scr.page_objects.example_web_result_page.WebResults object at 0x00000250D53E4070&gt; = &lt;scr.tests.test_example.TestExample object at 0x00000250D5407EE0&gt;.results_page

..\scr\tests\test_example.py:18: AssertionError</failure></testcase></testsuite></testsuites>